<?xml version="1.0" encoding="UTF-8"?>
<!-- Generated by org.testng.reporters.JUnitReportReporter -->
<testsuite hostname="DESKTOP-6C5CFM6" failures="0" tests="1" name="tableHandling.WebTable" time="0.315" errors="0" timestamp="2021-06-23T10:30:19 IST" skipped="0">
  <testcase classname="tableHandling.WebTable" name="test" time="0.315"/>
  <system-out/>
</testsuite> <!-- tableHandling.WebTable -->
