<?xml version="1.0" encoding="UTF-8"?>
<!-- Generated by org.testng.reporters.JUnitReportReporter -->
<testsuite hostname="DESKTOP-6C5CFM6" failures="0" tests="1" name="fileHandling.FileDownloadUsingFireFox" time="9.324" errors="0" timestamp="2021-06-21T17:36:46 IST" skipped="0">
  <testcase classname="fileHandling.FileDownloadUsingFireFox" name="test" time="9.324"/>
  <system-out/>
</testsuite> <!-- fileHandling.FileDownloadUsingFireFox -->
