<?xml version="1.0" encoding="UTF-8"?>
<!-- Generated by org.testng.reporters.JUnitReportReporter -->
<testsuite hostname="DESKTOP-6C5CFM6" failures="0" tests="2" name="basics.ChromeDriverExample2" time="41.469" errors="0" timestamp="2021-03-21T12:20:29 IST" skipped="0">
  <testcase classname="basics.ChromeDriverExample2" name="testAddressBookSignIn2" time="19.953"/>
  <system-out/>
  <testcase classname="basics.ChromeDriverExample2" name="testAddressBookSignIn" time="21.516"/>
  <system-out/>
</testsuite> <!-- basics.ChromeDriverExample2 -->
