<?xml version="1.0" encoding="UTF-8"?>
<!-- Generated by org.testng.reporters.JUnitReportReporter -->
<testsuite hostname="DESKTOP-6C5CFM6" failures="0" tests="1" name="identifiers.ChromeDriverExample2" time="31.058" errors="0" timestamp="2021-03-21T13:24:16 IST" skipped="0">
  <testcase classname="identifiers.ChromeDriverExample2" name="testAddressBookSignIn" time="31.058"/>
  <system-out/>
</testsuite> <!-- identifiers.ChromeDriverExample2 -->
