<?xml version="1.0" encoding="UTF-8"?>
<!-- Generated by org.testng.reporters.JUnitReportReporter -->
<testsuite hostname="DESKTOP-6C5CFM6" failures="0" tests="1" name="fileHandling.FileUpload" time="4.327" errors="0" timestamp="2021-06-22T18:41:54 IST" skipped="0">
  <testcase classname="fileHandling.FileUpload" name="test" time="4.327"/>
  <system-out/>
</testsuite> <!-- fileHandling.FileUpload -->
