<?xml version="1.0" encoding="UTF-8"?>
<!-- Generated by org.testng.reporters.JUnitReportReporter -->
<testsuite hostname="DESKTOP-6C5CFM6" failures="0" tests="1" name="fileHandling.FileUploadAndDownload" time="0.408" errors="0" timestamp="2021-06-19T22:27:05 IST" skipped="0">
  <testcase classname="fileHandling.FileUploadAndDownload" name="test" time="0.408"/>
  <system-out/>
</testsuite> <!-- fileHandling.FileUploadAndDownload -->
