<?xml version="1.0" encoding="UTF-8"?>
<!-- Generated by org.testng.reporters.JUnitReportReporter -->
<testsuite hostname="DESKTOP-6C5CFM6" failures="0" tests="1" name="screenshots.ScreenshotPractice" time="13.465" errors="0" timestamp="2021-06-19T11:16:00 IST" skipped="0">
  <testcase classname="screenshots.ScreenshotPractice" name="test" time="13.465"/>
  <system-out/>
</testsuite> <!-- screenshots.ScreenshotPractice -->
