<?xml version="1.0" encoding="UTF-8"?>
<!-- Generated by org.testng.reporters.JUnitReportReporter -->
<testsuite hostname="DESKTOP-6C5CFM6" failures="0" tests="1" name="fileHandling.FileDownload" time="9.422" errors="0" timestamp="2021-06-21T11:35:21 IST" skipped="0">
  <testcase classname="fileHandling.FileDownload" name="test" time="9.422"/>
  <system-out/>
</testsuite> <!-- fileHandling.FileDownload -->
