<?xml version="1.0" encoding="UTF-8"?>
<!-- Generated by org.testng.reporters.JUnitReportReporter -->
<testsuite hostname="DESKTOP-6C5CFM6" failures="0" tests="1" name="windowsAndTabHandling.WindowHandling" time="8.505" errors="0" timestamp="2021-06-26T17:07:36 IST" skipped="0">
  <testcase classname="windowsAndTabHandling.WindowHandling" name="test" time="8.505"/>
  <system-out/>
</testsuite> <!-- windowsAndTabHandling.WindowHandling -->
