<?xml version="1.0" encoding="UTF-8"?>
<!-- Generated by org.testng.reporters.JUnitReportReporter -->
<testsuite hostname="DESKTOP-6C5CFM6" failures="0" tests="1" name="screenshots.Screenshot" time="10.839" errors="0" timestamp="2021-06-19T10:35:16 IST" skipped="0">
  <testcase classname="screenshots.Screenshot" name="test" time="10.839"/>
  <system-out/>
</testsuite> <!-- screenshots.Screenshot -->
